<?xml version="1.0" encoding="UTF-8"?>
<!-- Generated by org.testng.reporters.JUnitXMLReporter -->
<testsuite hostname="nish3147649-03" name="ApiDemos Test1" tests="2" failures="1" timestamp="4 Sep 2021 17:18:26 GMT" time="35.449" errors="0">
  <testcase name="@BeforeMethod beforeMethod" time="0.0" classname="com.pom.apidemos.testcases.Flow1Test">
    <failure type="java.lang.NullPointerException">
      <![CDATA[java.lang.NullPointerException
	at com.pom.apidemos.base.BaseTest.launchApp(BaseTest.java:221)
	at com.pom.apidemos.base.BaseTest.beforeMethod(BaseTest.java:121)
... Removed 26 stack frames]]>
    </failure>
  </testcase> <!-- @BeforeMethod beforeMethod -->
  <testcase name="@BeforeMethod beforeMethod" time="0.0" classname="com.pom.apidemos.testcases.Flow1Test">
    <skipped/>
  </testcase> <!-- @BeforeMethod beforeMethod -->
  <testcase name="@AfterClass afterClass" time="0.001" classname="com.pom.apidemos.testcases.Flow1Test">
    <skipped/>
  </testcase> <!-- @AfterClass afterClass -->
  <testcase name="flow1Test" time="0.005" classname="com.pom.apidemos.testcases.Flow1Test">
    <skipped/>
  </testcase> <!-- flow1Test -->
  <testcase name="flow1Test" time="35.2" classname="com.pom.apidemos.testcases.Flow1Test">
    <failure type="java.lang.NullPointerException">
      <![CDATA[java.lang.NullPointerException
	at com.pom.apidemos.listeners.TestListener.onTestSkipped(TestListener.java:91)
... Removed 21 stack frames]]>
    </failure>
  </testcase> <!-- flow1Test -->
</testsuite> <!-- ApiDemos Test1 -->
