<?xml version="1.0" encoding="UTF-8"?>
<!-- Generated by org.testng.reporters.JUnitXMLReporter -->
<testsuite hostname="jaspreet2893-01" ignored="2" name="ApiDemos Test" tests="2" failures="0" timestamp="2020-08-24T17:38:44 IST" time="27.59" errors="0">
  <testcase name="@BeforeMethod beforeMethod" time="0.001" classname="com.pom.apidemos.base.BaseTest">
    <failure type="java.lang.NullPointerException">
      <![CDATA[java.lang.NullPointerException
at com.pom.apidemos.base.BaseTest.beforeMethod(BaseTest.java:148)
at java.util.ArrayList.forEach(Unknown Source)
... Removed 31 stack frames]]>
    </failure>
  </testcase> <!-- @BeforeMethod beforeMethod -->
  <testcase name="@AfterMethod afterMethod" time="-1.598270924365E9" classname="com.pom.apidemos.base.BaseTest">
    <skipped/>
  </testcase> <!-- @AfterMethod afterMethod -->
  <testcase name="flow1Test" time="12.318" classname="com.pom.apidemos.testcases.Flow1Test"/>
  <testcase name="flow2Test" time="0.0" classname="com.pom.apidemos.testcases.Flow2Test">
    <skipped/>
  </testcase> <!-- flow2Test -->
  <testcase name="@BeforeTest beforeTest" time="0.0" classname="com.pom.apidemos.base.BaseTest">
    <ignored/>
  </testcase> <!-- @BeforeTest beforeTest -->
  <testcase name="@AfterTest afterTest" time="0.0" classname="com.pom.apidemos.base.BaseTest">
    <ignored/>
  </testcase> <!-- @AfterTest afterTest -->
</testsuite> <!-- ApiDemos Test -->
