<?xml version="1.0" encoding="UTF-8"?>
<!-- Generated by org.testng.reporters.JUnitXMLReporter -->
<testsuite hostname="nish3147649-03" name="Monefy Tests" tests="12" failures="0" timestamp="6 Sep 2021 08:13:05 GMT" time="190.106" errors="0">
  <testcase name="verifyAppHeader" time="1.001" classname="com.pom.monefy.testcases.HomePageTest"/>
  <testcase name="verifyIncomeButton" time="1.248" classname="com.pom.monefy.testcases.HomePageTest"/>
  <testcase name="verifyExpenseButton" time="1.245" classname="com.pom.monefy.testcases.HomePageTest"/>
  <testcase name="verifyRightSettingsMenu" time="2.33" classname="com.pom.monefy.testcases.HomePageTest"/>
  <testcase name="verifyLeftSettingsMenu" time="2.896" classname="com.pom.monefy.testcases.HomePageTest"/>
  <testcase name="verifyProPage" time="4.904" classname="com.pom.monefy.testcases.HomePageTest"/>
  <testcase name="verifyIncomeShoulsNotBeAccepted" time="3.569" classname="com.pom.monefy.testcases.IncomePageTest"/>
  <testcase name="verifyNewIncome" time="1.813" classname="com.pom.monefy.testcases.IncomePageTest"/>
  <testcase name="verifyNewIncome" time="1.965" classname="com.pom.monefy.testcases.NewTransferTest"/>
  <testcase name="verifyAddedExpense" time="3.665" classname="com.pom.monefy.testcases.FoodExpenseTest"/>
  <testcase name="verifyExpenseShouldNotBeAccepted" time="3.318" classname="com.pom.monefy.testcases.ExpensePageTest"/>
  <testcase name="verifyExpenseButton" time="2.095" classname="com.pom.monefy.testcases.ExpensePageTest"/>
</testsuite> <!-- Monefy Tests -->
