<?xml version="1.0" encoding="UTF-8"?>
<!-- Generated by org.testng.reporters.JUnitXMLReporter -->
<testsuite hostname="jaspreet2893-01" ignored="3" name="ApiDemos Test1" tests="2" failures="2" timestamp="2020-08-25T15:48:34 IST" time="46.477" errors="0">
  <testcase name="flow1Test" time="11.393" classname="com.pom.apidemos.testcases.Flow1Test">
    <failure type="java.lang.AssertionError" message="The following asserts failed:
	Drag and drop failed as Hidden circle not found expected [false] but found [true]">
      <![CDATA[java.lang.AssertionError: The following asserts failed:
Drag and drop failed as Hidden circle not found expected [false] but found [true]
at com.pom.apidemos.testcases.Flow1Test.flow1Test(Flow1Test.java:47)
at java.util.ArrayList.forEach(ArrayList.java:1257)
... Removed 33 stack frames]]>
    </failure>
  </testcase> <!-- flow1Test -->
  <testcase name="flow2Test" time="6.275" classname="com.pom.apidemos.testcases.Flow2Test">
    <failure type="java.lang.AssertionError" message="Expected Text Arnol is not equal to actual name Arnold expected [Arnol] but found [Arnold]">
      <![CDATA[java.lang.AssertionError: Expected Text Arnol is not equal to actual name Arnold expected [Arnol] but found [Arnold]
at com.pom.apidemos.testcases.Flow2Test.flow2Test(Flow2Test.java:30)
at java.util.ArrayList.forEach(ArrayList.java:1257)
... Removed 35 stack frames]]>
    </failure>
  </testcase> <!-- flow2Test -->
  <testcase name="@BeforeSuite beforeSuite" time="0.0" classname="com.pom.apidemos.basepage.BaseTest">
    <ignored/>
  </testcase> <!-- @BeforeSuite beforeSuite -->
  <testcase name="@BeforeTest beforeTest" time="0.0" classname="com.pom.apidemos.basepage.BaseTest">
    <ignored/>
  </testcase> <!-- @BeforeTest beforeTest -->
  <testcase name="@AfterSuite afterSuite" time="0.0" classname="com.pom.apidemos.basepage.BaseTest">
    <ignored/>
  </testcase> <!-- @AfterSuite afterSuite -->
</testsuite> <!-- ApiDemos Test1 -->
